<?xml version="1.0" encoding="UTF-8"?>
<!-- Generated by org.testng.reporters.JUnitXMLReporter -->
<testsuite ignored="0" hostname="DESKTOP-VS6153P" failures="1" tests="1" name="Test" time="102.065" errors="0" timestamp="2026-06-10T21:21:22 IST">
  <testcase classname="testcases.Tc001_AccountRegistrationTest" name="verfiy_account_registration" time="6.703">
    <failure type="java.lang.AssertionError" message="null">
      <![CDATA[java.lang.AssertionError: null
at testcases.Tc001_AccountRegistrationTest.verfiy_account_registration(Tc001_AccountRegistrationTest.java:63)
at java.base/java.util.ArrayList.forEach(ArrayList.java:1596)
... Removed 27 stack frames]]>
    </failure>
  </testcase> <!-- verfiy_account_registration -->
</testsuite> <!-- Test -->
