<?xml version="1.0" encoding="UTF-8"?>
<testng-results ignored="0" total="2" passed="2" failed="0" skipped="0">
  <reporter-output>
  </reporter-output>
  <suite started-at="2026-06-21T21:20:48 IST" name="Master Suite" finished-at="2026-06-21T21:21:18 IST" duration-ms="29616">
    <groups>
      <group name="Master">
        <method signature="Tc001_AccountRegistrationTest.verfiy_account_registration()[pri:0, instance:testcases.Tc001_AccountRegistrationTest@31aa3ca5]" name="verfiy_account_registration" class="testcases.Tc001_AccountRegistrationTest"/>
        <method signature="Tc002_LoginTest.verify_login()[pri:0, instance:testcases.Tc002_LoginTest@45905bff]" name="verify_login" class="testcases.Tc002_LoginTest"/>
      </group> <!-- Master -->
      <group name="Regression">
        <method signature="Tc001_AccountRegistrationTest.verfiy_account_registration()[pri:0, instance:testcases.Tc001_AccountRegistrationTest@31aa3ca5]" name="verfiy_account_registration" class="testcases.Tc001_AccountRegistrationTest"/>
      </group> <!-- Regression -->
      <group name="sanity">
        <method signature="Tc002_LoginTest.verify_login()[pri:0, instance:testcases.Tc002_LoginTest@45905bff]" name="verify_login" class="testcases.Tc002_LoginTest"/>
      </group> <!-- sanity -->
    </groups>
    <test started-at="2026-06-21T21:20:48 IST" name="Test" finished-at="2026-06-21T21:21:18 IST" duration-ms="29616">
      <class name="testcases.Tc001_AccountRegistrationTest">
        <test-method is-config="true" signature="setup(java.lang.String,java.lang.String)[pri:0, instance:testcases.Tc001_AccountRegistrationTest@31aa3ca5]" started-at="2026-06-21T21:20:49 IST" name="setup" finished-at="2026-06-21T21:20:57 IST" duration-ms="7920" status="PASS">
          <params>
            <param index="0">
              <value>
                <![CDATA[windows]]>
              </value>
            </param>
            <param index="1">
              <value>
                <![CDATA[chrome]]>
              </value>
            </param>
          </params>
          <reporter-output>
          </reporter-output>
        </test-method> <!-- setup -->
        <test-method signature="verfiy_account_registration()[pri:0, instance:testcases.Tc001_AccountRegistrationTest@31aa3ca5]" started-at="2026-06-21T21:20:57 IST" name="verfiy_account_registration" finished-at="2026-06-21T21:21:02 IST" duration-ms="5204" status="PASS">
          <reporter-output>
          </reporter-output>
        </test-method> <!-- verfiy_account_registration -->
        <test-method is-config="true" signature="tearDown()[pri:0, instance:testcases.Tc001_AccountRegistrationTest@31aa3ca5]" started-at="2026-06-21T21:21:02 IST" name="tearDown" finished-at="2026-06-21T21:21:02 IST" duration-ms="485" status="PASS">
          <reporter-output>
          </reporter-output>
        </test-method> <!-- tearDown -->
      </class> <!-- testcases.Tc001_AccountRegistrationTest -->
      <class name="testcases.Tc002_LoginTest">
        <test-method is-config="true" signature="setup(java.lang.String,java.lang.String)[pri:0, instance:testcases.Tc002_LoginTest@45905bff]" started-at="2026-06-21T21:21:02 IST" name="setup" finished-at="2026-06-21T21:21:13 IST" duration-ms="10788" status="PASS">
          <params>
            <param index="0">
              <value>
                <![CDATA[windows]]>
              </value>
            </param>
            <param index="1">
              <value>
                <![CDATA[chrome]]>
              </value>
            </param>
          </params>
          <reporter-output>
          </reporter-output>
        </test-method> <!-- setup -->
        <test-method signature="verify_login()[pri:0, instance:testcases.Tc002_LoginTest@45905bff]" started-at="2026-06-21T21:21:13 IST" name="verify_login" finished-at="2026-06-21T21:21:17 IST" duration-ms="3859" status="PASS">
          <reporter-output>
          </reporter-output>
        </test-method> <!-- verify_login -->
        <test-method is-config="true" signature="tearDown()[pri:0, instance:testcases.Tc002_LoginTest@45905bff]" started-at="2026-06-21T21:21:17 IST" name="tearDown" finished-at="2026-06-21T21:21:18 IST" duration-ms="799" status="PASS">
          <reporter-output>
          </reporter-output>
        </test-method> <!-- tearDown -->
      </class> <!-- testcases.Tc002_LoginTest -->
    </test> <!-- Test -->
  </suite> <!-- Master Suite -->
</testng-results>
